{"/Users/yaqiaosu/Desktop/💻Code/前端工程化/00.内容平台/packages/hooks/src/index.ts": {"path":"/Users/yaqiaosu/Desktop/💻Code/前端工程化/00.内容平台/packages/hooks/src/index.ts","statementMap":{},"fnMap":{},"branchMap":{},"s":{},"f":{},"b":{},"meta":{"lastBranch":0,"lastFunction":0,"lastStatement":0,"seen":{}}}
,"/Users/yaqiaosu/Desktop/💻Code/前端工程化/00.内容平台/packages/hooks/src/createUpdateEffect/index.ts": {"path":"/Users/yaqiaosu/Desktop/💻Code/前端工程化/00.内容平台/packages/hooks/src/createUpdateEffect/index.ts","statementMap":{"0":{"start":{"line":5,"column":82},"end":{"line":15,"column":null}},"1":{"start":{"line":5,"column":92},"end":{"line":15,"column":null}},"2":{"start":{"line":6,"column":8},"end":{"line":6,"column":null}},"3":{"start":{"line":8,"column":2},"end":{"line":14,"column":null}},"4":{"start":{"line":9,"column":4},"end":{"line":13,"column":null}},"5":{"start":{"line":10,"column":6},"end":{"line":10,"column":null}},"6":{"start":{"line":12,"column":6},"end":{"line":12,"column":null}}},"fnMap":{"0":{"name":"(anonymous_0)","decl":{"start":{"line":5,"column":82},"end":{"line":5,"column":83}},"loc":{"start":{"line":5,"column":92},"end":{"line":15,"column":null}},"line":5},"1":{"name":"(anonymous_1)","decl":{"start":{"line":5,"column":92},"end":{"line":5,"column":93}},"loc":{"start":{"line":5,"column":110},"end":{"line":15,"column":null}},"line":5},"2":{"name":"(anonymous_2)","decl":{"start":{"line":8,"column":7},"end":{"line":8,"column":13}},"loc":{"start":{"line":8,"column":13},"end":{"line":14,"column":5}},"line":8}},"branchMap":{"0":{"loc":{"start":{"line":9,"column":4},"end":{"line":13,"column":null}},"type":"if","locations":[{"start":{"line":9,"column":4},"end":{"line":13,"column":null}},{"start":{"line":11,"column":11},"end":{"line":13,"column":null}}],"line":9}},"s":{"0":1,"1":1,"2":2,"3":2,"4":2,"5":1,"6":1},"f":{"0":1,"1":2,"2":2},"b":{"0":[1,1]},"meta":{"lastBranch":1,"lastFunction":3,"lastStatement":7,"seen":{"s:5:82:15:Infinity":0,"f:5:82:5:83":0,"s:5:92:15:Infinity":1,"f:5:92:5:93":1,"s:6:8:6:Infinity":2,"s:8:2:14:Infinity":3,"f:8:7:8:13":2,"b:9:4:13:Infinity:11:11:13:Infinity":0,"s:9:4:13:Infinity":4,"s:10:6:10:Infinity":5,"s:12:6:12:Infinity":6}}}
,"/Users/yaqiaosu/Desktop/💻Code/前端工程化/00.内容平台/packages/hooks/src/useLocalStorageState/index.tsx": {"path":"/Users/yaqiaosu/Desktop/💻Code/前端工程化/00.内容平台/packages/hooks/src/useLocalStorageState/index.tsx","statementMap":{"0":{"start":{"line":10,"column":21},"end":{"line":10,"column":null}},"1":{"start":{"line":10,"column":48},"end":{"line":10,"column":null}},"2":{"start":{"line":11,"column":8},"end":{"line":11,"column":null}},"3":{"start":{"line":12,"column":2},"end":{"line":12,"column":null}}},"fnMap":{"0":{"name":"useLocalStorageState","decl":{"start":{"line":8,"column":9},"end":{"line":8,"column":42}},"loc":{"start":{"line":8,"column":97},"end":{"line":13,"column":null}},"line":8},"1":{"name":"(anonymous_1)","decl":{"start":{"line":10,"column":42},"end":{"line":10,"column":48}},"loc":{"start":{"line":10,"column":48},"end":{"line":10,"column":null}},"line":10}},"branchMap":{"0":{"loc":{"start":{"line":10,"column":21},"end":{"line":10,"column":null}},"type":"binary-expr","locations":[{"start":{"line":10,"column":21},"end":{"line":10,"column":42}},{"start":{"line":10,"column":42},"end":{"line":10,"column":null}}],"line":10}},"s":{"0":0,"1":0,"2":0,"3":0},"f":{"0":0,"1":0},"b":{"0":[0,0]},"meta":{"lastBranch":1,"lastFunction":2,"lastStatement":4,"seen":{"f:8:9:8:42":0,"s:10:21:10:Infinity":0,"b:10:21:10:42:10:42:10:Infinity":0,"f:10:42:10:48":1,"s:10:48:10:Infinity":1,"s:11:8:11:Infinity":2,"s:12:2:12:Infinity":3}}}
,"/Users/yaqiaosu/Desktop/💻Code/前端工程化/00.内容平台/packages/hooks/src/useMemoizedFn/index.tsx": {"path":"/Users/yaqiaosu/Desktop/💻Code/前端工程化/00.内容平台/packages/hooks/src/useMemoizedFn/index.tsx","statementMap":{"0":{"start":{"line":7,"column":2},"end":{"line":11,"column":null}},"1":{"start":{"line":8,"column":4},"end":{"line":10,"column":null}},"2":{"start":{"line":9,"column":6},"end":{"line":9,"column":null}},"3":{"start":{"line":13,"column":8},"end":{"line":13,"column":null}},"4":{"start":{"line":14,"column":2},"end":{"line":14,"column":null}},"5":{"start":{"line":14,"column":32},"end":{"line":14,"column":36}},"6":{"start":{"line":15,"column":8},"end":{"line":15,"column":null}},"7":{"start":{"line":18,"column":2},"end":{"line":22,"column":null}},"8":{"start":{"line":19,"column":4},"end":{"line":21,"column":null}},"9":{"start":{"line":20,"column":6},"end":{"line":20,"column":null}},"10":{"start":{"line":23,"column":2},"end":{"line":23,"column":null}}},"fnMap":{"0":{"name":"useMemoizedFn","decl":{"start":{"line":6,"column":24},"end":{"line":6,"column":54}},"loc":{"start":{"line":6,"column":61},"end":{"line":24,"column":null}},"line":6},"1":{"name":"(anonymous_1)","decl":{"start":{"line":14,"column":26},"end":{"line":14,"column":32}},"loc":{"start":{"line":14,"column":32},"end":{"line":14,"column":36}},"line":14},"2":{"name":"(anonymous_2)","decl":{"start":{"line":19,"column":25},"end":{"line":19,"column":44}},"loc":{"start":{"line":19,"column":50},"end":{"line":21,"column":null}},"line":19}},"branchMap":{"0":{"loc":{"start":{"line":7,"column":2},"end":{"line":11,"column":null}},"type":"if","locations":[{"start":{"line":7,"column":2},"end":{"line":11,"column":null}},{"start":{},"end":{}}],"line":7},"1":{"loc":{"start":{"line":8,"column":4},"end":{"line":10,"column":null}},"type":"if","locations":[{"start":{"line":8,"column":4},"end":{"line":10,"column":null}},{"start":{},"end":{}}],"line":8},"2":{"loc":{"start":{"line":18,"column":2},"end":{"line":22,"column":null}},"type":"if","locations":[{"start":{"line":18,"column":2},"end":{"line":22,"column":null}},{"start":{},"end":{}}],"line":18}},"s":{"0":0,"1":0,"2":0,"3":0,"4":0,"5":0,"6":0,"7":0,"8":0,"9":0,"10":0},"f":{"0":0,"1":0,"2":0},"b":{"0":[0,0],"1":[0,0],"2":[0,0]},"meta":{"lastBranch":3,"lastFunction":3,"lastStatement":11,"seen":{"f:6:24:6:54":0,"b:7:2:11:Infinity:undefined:undefined:undefined:undefined":0,"s:7:2:11:Infinity":0,"b:8:4:10:Infinity:undefined:undefined:undefined:undefined":1,"s:8:4:10:Infinity":1,"s:9:6:9:Infinity":2,"s:13:8:13:Infinity":3,"s:14:2:14:Infinity":4,"f:14:26:14:32":1,"s:14:32:14:36":5,"s:15:8:15:Infinity":6,"b:18:2:22:Infinity:undefined:undefined:undefined:undefined":2,"s:18:2:22:Infinity":7,"s:19:4:21:Infinity":8,"f:19:25:19:44":2,"s:20:6:20:Infinity":9,"s:23:2:23:Infinity":10}}}
,"/Users/yaqiaosu/Desktop/💻Code/前端工程化/00.内容平台/packages/hooks/src/useSearch/index.ts": {"path":"/Users/yaqiaosu/Desktop/💻Code/前端工程化/00.内容平台/packages/hooks/src/useSearch/index.ts","statementMap":{"0":{"start":{"line":16,"column":42},"end":{"line":72,"column":null}},"1":{"start":{"line":90,"column":28},"end":{"line":90,"column":null}},"2":{"start":{"line":91,"column":28},"end":{"line":91,"column":null}},"3":{"start":{"line":92,"column":28},"end":{"line":92,"column":null}},"4":{"start":{"line":93,"column":36},"end":{"line":93,"column":null}},"5":{"start":{"line":95,"column":8},"end":{"line":123,"column":null}},"6":{"start":{"line":96,"column":4},"end":{"line":100,"column":null}},"7":{"start":{"line":97,"column":6},"end":{"line":97,"column":null}},"8":{"start":{"line":98,"column":6},"end":{"line":98,"column":null}},"9":{"start":{"line":99,"column":6},"end":{"line":99,"column":null}},"10":{"start":{"line":102,"column":4},"end":{"line":102,"column":null}},"11":{"start":{"line":103,"column":4},"end":{"line":103,"column":null}},"12":{"start":{"line":105,"column":4},"end":{"line":122,"column":null}},"13":{"start":{"line":107,"column":6},"end":{"line":107,"column":null}},"14":{"start":{"line":107,"column":35},"end":{"line":107,"column":59}},"15":{"start":{"line":110,"column":23},"end":{"line":114,"column":null}},"16":{"start":{"line":111,"column":8},"end":{"line":113,"column":null}},"17":{"start":{"line":113,"column":30},"end":{"line":113,"column":79}},"18":{"start":{"line":116,"column":6},"end":{"line":116,"column":null}},"19":{"start":{"line":117,"column":6},"end":{"line":117,"column":null}},"20":{"start":{"line":119,"column":6},"end":{"line":119,"column":null}},"21":{"start":{"line":121,"column":6},"end":{"line":121,"column":null}},"22":{"start":{"line":125,"column":8},"end":{"line":129,"column":null}},"23":{"start":{"line":126,"column":4},"end":{"line":126,"column":null}},"24":{"start":{"line":127,"column":4},"end":{"line":127,"column":null}},"25":{"start":{"line":128,"column":4},"end":{"line":128,"column":null}},"26":{"start":{"line":131,"column":2},"end":{"line":139,"column":null}}},"fnMap":{"0":{"name":"useSearch","decl":{"start":{"line":89,"column":9},"end":{"line":89,"column":19}},"loc":{"start":{"line":89,"column":64},"end":{"line":140,"column":null}},"line":89},"1":{"name":"(anonymous_1)","decl":{"start":{"line":95,"column":29},"end":{"line":95,"column":41}},"loc":{"start":{"line":95,"column":41},"end":{"line":123,"column":5}},"line":95},"2":{"name":"(anonymous_2)","decl":{"start":{"line":107,"column":24},"end":{"line":107,"column":35}},"loc":{"start":{"line":107,"column":35},"end":{"line":107,"column":59}},"line":107},"3":{"name":"(anonymous_3)","decl":{"start":{"line":110,"column":48},"end":{"line":110,"column":null}},"loc":{"start":{"line":111,"column":8},"end":{"line":113,"column":null}},"line":111},"4":{"name":"(anonymous_4)","decl":{"start":{"line":113,"column":23},"end":{"line":113,"column":30}},"loc":{"start":{"line":113,"column":30},"end":{"line":113,"column":79}},"line":113},"5":{"name":"(anonymous_5)","decl":{"start":{"line":125,"column":34},"end":{"line":125,"column":40}},"loc":{"start":{"line":125,"column":40},"end":{"line":129,"column":5}},"line":125}},"branchMap":{"0":{"loc":{"start":{"line":96,"column":4},"end":{"line":100,"column":null}},"type":"if","locations":[{"start":{"line":96,"column":4},"end":{"line":100,"column":null}},{"start":{},"end":{}}],"line":96},"1":{"loc":{"start":{"line":111,"column":8},"end":{"line":113,"column":null}},"type":"binary-expr","locations":[{"start":{"line":111,"column":8},"end":{"line":111,"column":null}},{"start":{"line":112,"column":8},"end":{"line":112,"column":null}},{"start":{"line":113,"column":8},"end":{"line":113,"column":null}}],"line":111}},"s":{"0":0,"1":0,"2":0,"3":0,"4":0,"5":0,"6":0,"7":0,"8":0,"9":0,"10":0,"11":0,"12":0,"13":0,"14":0,"15":0,"16":0,"17":0,"18":0,"19":0,"20":0,"21":0,"22":0,"23":0,"24":0,"25":0,"26":0},"f":{"0":0,"1":0,"2":0,"3":0,"4":0,"5":0},"b":{"0":[0,0],"1":[0,0,0]},"meta":{"lastBranch":2,"lastFunction":6,"lastStatement":27,"seen":{"s:16:42:72:Infinity":0,"f:89:9:89:19":0,"s:90:28:90:Infinity":1,"s:91:28:91:Infinity":2,"s:92:28:92:Infinity":3,"s:93:36:93:Infinity":4,"s:95:8:123:Infinity":5,"f:95:29:95:41":1,"b:96:4:100:Infinity:undefined:undefined:undefined:undefined":0,"s:96:4:100:Infinity":6,"s:97:6:97:Infinity":7,"s:98:6:98:Infinity":8,"s:99:6:99:Infinity":9,"s:102:4:102:Infinity":10,"s:103:4:103:Infinity":11,"s:105:4:122:Infinity":12,"s:107:6:107:Infinity":13,"f:107:24:107:35":2,"s:107:35:107:59":14,"s:110:23:114:Infinity":15,"f:110:48:110:Infinity":3,"s:111:8:113:Infinity":16,"b:111:8:111:Infinity:112:8:112:Infinity:113:8:113:Infinity":1,"f:113:23:113:30":4,"s:113:30:113:79":17,"s:116:6:116:Infinity":18,"s:117:6:117:Infinity":19,"s:119:6:119:Infinity":20,"s:121:6:121:Infinity":21,"s:125:8:129:Infinity":22,"f:125:34:125:40":5,"s:126:4:126:Infinity":23,"s:127:4:127:Infinity":24,"s:128:4:128:Infinity":25,"s:131:2:139:Infinity":26}}}
,"/Users/yaqiaosu/Desktop/💻Code/前端工程化/00.内容平台/packages/hooks/src/useSessionStorageState/index.tsx": {"path":"/Users/yaqiaosu/Desktop/💻Code/前端工程化/00.内容平台/packages/hooks/src/useSessionStorageState/index.tsx","statementMap":{"0":{"start":{"line":9,"column":21},"end":{"line":9,"column":null}},"1":{"start":{"line":9,"column":48},"end":{"line":9,"column":null}},"2":{"start":{"line":10,"column":8},"end":{"line":10,"column":null}},"3":{"start":{"line":11,"column":2},"end":{"line":11,"column":null}}},"fnMap":{"0":{"name":"useSessionStorageState","decl":{"start":{"line":8,"column":9},"end":{"line":8,"column":44}},"loc":{"start":{"line":8,"column":101},"end":{"line":12,"column":null}},"line":8},"1":{"name":"(anonymous_1)","decl":{"start":{"line":9,"column":42},"end":{"line":9,"column":48}},"loc":{"start":{"line":9,"column":48},"end":{"line":9,"column":null}},"line":9}},"branchMap":{"0":{"loc":{"start":{"line":9,"column":21},"end":{"line":9,"column":null}},"type":"binary-expr","locations":[{"start":{"line":9,"column":21},"end":{"line":9,"column":42}},{"start":{"line":9,"column":42},"end":{"line":9,"column":null}}],"line":9}},"s":{"0":0,"1":0,"2":0,"3":0},"f":{"0":0,"1":0},"b":{"0":[0,0]},"meta":{"lastBranch":1,"lastFunction":2,"lastStatement":4,"seen":{"f:8:9:8:44":0,"s:9:21:9:Infinity":0,"b:9:21:9:42:9:42:9:Infinity":0,"f:9:42:9:48":1,"s:9:48:9:Infinity":1,"s:10:8:10:Infinity":2,"s:11:2:11:Infinity":3}}}
,"/Users/yaqiaosu/Desktop/💻Code/前端工程化/00.内容平台/packages/hooks/src/useToggle/index.ts": {"path":"/Users/yaqiaosu/Desktop/💻Code/前端工程化/00.内容平台/packages/hooks/src/useToggle/index.ts","statementMap":{"0":{"start":{"line":13,"column":24},"end":{"line":13,"column":null}},"1":{"start":{"line":15,"column":8},"end":{"line":24,"column":null}},"2":{"start":{"line":16,"column":4},"end":{"line":18,"column":null}},"3":{"start":{"line":17,"column":6},"end":{"line":17,"column":null}},"4":{"start":{"line":20,"column":4},"end":{"line":22,"column":null}},"5":{"start":{"line":21,"column":6},"end":{"line":21,"column":null}},"6":{"start":{"line":23,"column":4},"end":{"line":23,"column":null}},"7":{"start":{"line":26,"column":8},"end":{"line":28,"column":null}},"8":{"start":{"line":27,"column":4},"end":{"line":27,"column":null}},"9":{"start":{"line":27,"column":24},"end":{"line":27,"column":82}},"10":{"start":{"line":30,"column":8},"end":{"line":32,"column":null}},"11":{"start":{"line":31,"column":4},"end":{"line":31,"column":null}},"12":{"start":{"line":34,"column":8},"end":{"line":36,"column":null}},"13":{"start":{"line":35,"column":4},"end":{"line":35,"column":null}},"14":{"start":{"line":38,"column":8},"end":{"line":40,"column":null}},"15":{"start":{"line":39,"column":4},"end":{"line":39,"column":null}},"16":{"start":{"line":42,"column":8},"end":{"line":47,"column":null}},"17":{"start":{"line":42,"column":33},"end":{"line":47,"column":6}},"18":{"start":{"line":49,"column":2},"end":{"line":49,"column":null}}},"fnMap":{"0":{"name":"useToggle","decl":{"start":{"line":12,"column":9},"end":{"line":12,"column":39}},"loc":{"start":{"line":12,"column":121},"end":{"line":50,"column":null}},"line":12},"1":{"name":"(anonymous_1)","decl":{"start":{"line":15,"column":37},"end":{"line":15,"column":43}},"loc":{"start":{"line":15,"column":43},"end":{"line":24,"column":5}},"line":15},"2":{"name":"(anonymous_2)","decl":{"start":{"line":26,"column":29},"end":{"line":26,"column":35}},"loc":{"start":{"line":26,"column":35},"end":{"line":28,"column":5}},"line":26},"3":{"name":"(anonymous_3)","decl":{"start":{"line":27,"column":13},"end":{"line":27,"column":14}},"loc":{"start":{"line":27,"column":24},"end":{"line":27,"column":82}},"line":27},"4":{"name":"(anonymous_4)","decl":{"start":{"line":30,"column":26},"end":{"line":30,"column":27}},"loc":{"start":{"line":30,"column":47},"end":{"line":32,"column":5}},"line":30},"5":{"name":"(anonymous_5)","decl":{"start":{"line":34,"column":30},"end":{"line":34,"column":36}},"loc":{"start":{"line":34,"column":36},"end":{"line":36,"column":5}},"line":34},"6":{"name":"(anonymous_6)","decl":{"start":{"line":38,"column":31},"end":{"line":38,"column":37}},"loc":{"start":{"line":38,"column":37},"end":{"line":40,"column":5}},"line":38},"7":{"name":"(anonymous_7)","decl":{"start":{"line":42,"column":26},"end":{"line":42,"column":33}},"loc":{"start":{"line":42,"column":33},"end":{"line":47,"column":6}},"line":42}},"branchMap":{"0":{"loc":{"start":{"line":12,"column":39},"end":{"line":12,"column":69}},"type":"default-arg","locations":[{"start":{"line":12,"column":57},"end":{"line":12,"column":69}}],"line":12},"1":{"loc":{"start":{"line":16,"column":4},"end":{"line":18,"column":null}},"type":"if","locations":[{"start":{"line":16,"column":4},"end":{"line":18,"column":null}},{"start":{},"end":{}}],"line":16},"2":{"loc":{"start":{"line":20,"column":4},"end":{"line":22,"column":null}},"type":"if","locations":[{"start":{"line":20,"column":4},"end":{"line":22,"column":null}},{"start":{},"end":{}}],"line":20},"3":{"loc":{"start":{"line":27,"column":24},"end":{"line":27,"column":82}},"type":"cond-expr","locations":[{"start":{"line":27,"column":48},"end":{"line":27,"column":69}},{"start":{"line":27,"column":69},"end":{"line":27,"column":82}}],"line":27}},"s":{"0":9,"1":9,"2":3,"3":1,"4":2,"5":1,"6":1,"7":9,"8":3,"9":3,"10":9,"11":1,"12":9,"13":1,"14":9,"15":1,"16":9,"17":3,"18":9},"f":{"0":9,"1":3,"2":3,"3":3,"4":1,"5":1,"6":1,"7":3},"b":{"0":[9],"1":[1,2],"2":[1,1],"3":[2,1]},"meta":{"lastBranch":4,"lastFunction":8,"lastStatement":19,"seen":{"f:12:9:12:39":0,"b:12:57:12:69":0,"s:13:24:13:Infinity":0,"s:15:8:24:Infinity":1,"f:15:37:15:43":1,"b:16:4:18:Infinity:undefined:undefined:undefined:undefined":1,"s:16:4:18:Infinity":2,"s:17:6:17:Infinity":3,"b:20:4:22:Infinity:undefined:undefined:undefined:undefined":2,"s:20:4:22:Infinity":4,"s:21:6:21:Infinity":5,"s:23:4:23:Infinity":6,"s:26:8:28:Infinity":7,"f:26:29:26:35":2,"s:27:4:27:Infinity":8,"f:27:13:27:14":3,"s:27:24:27:82":9,"b:27:48:27:69:27:69:27:82":3,"s:30:8:32:Infinity":10,"f:30:26:30:27":4,"s:31:4:31:Infinity":11,"s:34:8:36:Infinity":12,"f:34:30:34:36":5,"s:35:4:35:Infinity":13,"s:38:8:40:Infinity":14,"f:38:31:38:37":6,"s:39:4:39:Infinity":15,"s:42:8:47:Infinity":16,"f:42:26:42:33":7,"s:42:33:47:6":17,"s:49:2:49:Infinity":18}}}
,"/Users/yaqiaosu/Desktop/💻Code/前端工程化/00.内容平台/packages/hooks/src/useUpdateEffect/index.tsx": {"path":"/Users/yaqiaosu/Desktop/💻Code/前端工程化/00.内容平台/packages/hooks/src/useUpdateEffect/index.tsx","statementMap":{},"fnMap":{},"branchMap":{},"s":{},"f":{},"b":{},"meta":{"lastBranch":0,"lastFunction":0,"lastStatement":0,"seen":{}}}
,"/Users/yaqiaosu/Desktop/💻Code/前端工程化/00.内容平台/packages/hooks/src/utils/index.ts": {"path":"/Users/yaqiaosu/Desktop/💻Code/前端工程化/00.内容平台/packages/hooks/src/utils/index.ts","statementMap":{"0":{"start":{"line":1,"column":21},"end":{"line":1,"column":null}},"1":{"start":{"line":2,"column":26},"end":{"line":2,"column":null}},"2":{"start":{"line":2,"column":61},"end":{"line":2,"column":null}},"3":{"start":{"line":3,"column":27},"end":{"line":3,"column":null}},"4":{"start":{"line":3,"column":63},"end":{"line":3,"column":null}}},"fnMap":{"0":{"name":"(anonymous_0)","decl":{"start":{"line":2,"column":26},"end":{"line":2,"column":27}},"loc":{"start":{"line":2,"column":61},"end":{"line":2,"column":null}},"line":2},"1":{"name":"(anonymous_1)","decl":{"start":{"line":3,"column":27},"end":{"line":3,"column":28}},"loc":{"start":{"line":3,"column":63},"end":{"line":3,"column":null}},"line":3}},"branchMap":{},"s":{"0":0,"1":0,"2":0,"3":0,"4":0},"f":{"0":0,"1":0},"b":{},"meta":{"lastBranch":0,"lastFunction":2,"lastStatement":5,"seen":{"s:1:21:1:Infinity":0,"s:2:26:2:Infinity":1,"f:2:26:2:27":0,"s:2:61:2:Infinity":2,"s:3:27:3:Infinity":3,"f:3:27:3:28":1,"s:3:63:3:Infinity":4}}}
}
